<?xml version="1.0" encoding="UTF-8"?>
<testng-results ignored="0" total="1" passed="1" failed="0" skipped="0">
  <reporter-output>
  </reporter-output>
  <suite started-at="2022-05-18T14:11:21 CEST" name="Surefire suite" finished-at="2022-05-18T14:11:30 CEST" duration-ms="8298">
    <groups>
    </groups>
    <test started-at="2022-05-18T14:11:21 CEST" name="Surefire test" finished-at="2022-05-18T14:11:30 CEST" duration-ms="8298">
      <class name="PositiveTests">
        <test-method signature="loginTest()[pri:0, instance:PositiveTests@f2f2cc1]" started-at="2022-05-18T14:11:21 CEST" name="loginTest" finished-at="2022-05-18T14:11:30 CEST" duration-ms="8276" status="PASS">
          <reporter-output>
          </reporter-output>
        </test-method> <!-- loginTest -->
      </class> <!-- PositiveTests -->
    </test> <!-- Surefire test -->
  </suite> <!-- Surefire suite -->
</testng-results>
